<?xml version="1.0" encoding="UTF-8"?>
<testng-results skipped="0" failed="0" ignored="0" total="1" passed="1">
  <reporter-output>
  </reporter-output>
  <suite name="Default suite" duration-ms="81614" started-at="2017-05-31T12:17:23Z" finished-at="2017-05-31T12:18:44Z">
    <groups>
    </groups>
    <test name="Default test" duration-ms="81614" started-at="2017-05-31T12:17:23Z" finished-at="2017-05-31T12:18:44Z">
      <class name="com.test.firstAutoamtionFramework.ulTestingAutomation.homePage.TC002_VerifyRegistration">
        <test-method status="PASS" signature="setUp()[pri:0, instance:com.test.firstAutoamtionFramework.ulTestingAutomation.homePage.TC002_VerifyRegistration@589838eb]" name="setUp" is-config="true" duration-ms="15660" started-at="2017-05-31T17:47:23Z" finished-at="2017-05-31T17:47:39Z">
          <reporter-output>
          </reporter-output>
        </test-method> <!-- setUp -->
        <test-method status="PASS" signature="verifyRegistration()[pri:0, instance:com.test.firstAutoamtionFramework.ulTestingAutomation.homePage.TC002_VerifyRegistration@589838eb]" name="verifyRegistration" duration-ms="65241" started-at="2017-05-31T17:47:39Z" finished-at="2017-05-31T17:48:44Z">
          <reporter-output>
          </reporter-output>
        </test-method> <!-- verifyRegistration -->
        <test-method status="PASS" signature="endTest()[pri:0, instance:com.test.firstAutoamtionFramework.ulTestingAutomation.homePage.TC002_VerifyRegistration@589838eb]" name="endTest" is-config="true" duration-ms="632" started-at="2017-05-31T17:48:44Z" finished-at="2017-05-31T17:48:44Z">
          <reporter-output>
          </reporter-output>
        </test-method> <!-- endTest -->
      </class> <!-- com.test.firstAutoamtionFramework.ulTestingAutomation.homePage.TC002_VerifyRegistration -->
    </test> <!-- Default test -->
  </suite> <!-- Default suite -->
</testng-results>
